[debug] [2024-01-08T18:48:27.998Z] ----------------------------------------------------------------------
[debug] [2024-01-08T18:48:28.001Z] Command:       C:\Program Files\nodejs\node.exe C:\Users\atreb\AppData\Roaming\npm\node_modules\firebase-tools\lib\bin\firebase.js deploy --only functions
[debug] [2024-01-08T18:48:28.002Z] CLI Version:   13.0.2
[debug] [2024-01-08T18:48:28.002Z] Platform:      win32
[debug] [2024-01-08T18:48:28.002Z] Node Version:  v20.10.0
[debug] [2024-01-08T18:48:28.002Z] Time:          Mon Jan 08 2024 19:48:28 GMT+0100 (Central European Standard Time)
[debug] [2024-01-08T18:48:28.002Z] ----------------------------------------------------------------------
[debug] 
[debug] [2024-01-08T18:48:28.094Z] > command requires scopes: ["email","openid","https://www.googleapis.com/auth/cloudplatformprojects.readonly","https://www.googleapis.com/auth/firebase","https://www.googleapis.com/auth/cloud-platform"]
[debug] [2024-01-08T18:48:28.094Z] > authorizing via signed-in user (jaromajdz@gmail.com)
[debug] [2024-01-08T18:48:28.094Z] [iam] checking project login-4a040 for permissions ["cloudfunctions.functions.create","cloudfunctions.functions.delete","cloudfunctions.functions.get","cloudfunctions.functions.list","cloudfunctions.functions.update","cloudfunctions.operations.get","firebase.projects.get"]
[debug] [2024-01-08T18:48:28.097Z] >>> [apiv2][query] POST https://cloudresourcemanager.googleapis.com/v1/projects/login-4a040:testIamPermissions [none]
[debug] [2024-01-08T18:48:28.098Z] >>> [apiv2][(partial)header] POST https://cloudresourcemanager.googleapis.com/v1/projects/login-4a040:testIamPermissions x-goog-quota-user=projects/login-4a040
[debug] [2024-01-08T18:48:28.098Z] >>> [apiv2][body] POST https://cloudresourcemanager.googleapis.com/v1/projects/login-4a040:testIamPermissions {"permissions":["cloudfunctions.functions.create","cloudfunctions.functions.delete","cloudfunctions.functions.get","cloudfunctions.functions.list","cloudfunctions.functions.update","cloudfunctions.operations.get","firebase.projects.get"]}
[debug] [2024-01-08T18:48:28.938Z] <<< [apiv2][status] POST https://cloudresourcemanager.googleapis.com/v1/projects/login-4a040:testIamPermissions 200
[debug] [2024-01-08T18:48:28.939Z] <<< [apiv2][body] POST https://cloudresourcemanager.googleapis.com/v1/projects/login-4a040:testIamPermissions {"permissions":["cloudfunctions.functions.create","cloudfunctions.functions.delete","cloudfunctions.functions.get","cloudfunctions.functions.list","cloudfunctions.functions.update","cloudfunctions.operations.get","firebase.projects.get"]}
[debug] [2024-01-08T18:48:28.940Z] >>> [apiv2][query] POST https://iam.googleapis.com/v1/projects/login-4a040/serviceAccounts/login-4a040@appspot.gserviceaccount.com:testIamPermissions [none]
[debug] [2024-01-08T18:48:28.940Z] >>> [apiv2][body] POST https://iam.googleapis.com/v1/projects/login-4a040/serviceAccounts/login-4a040@appspot.gserviceaccount.com:testIamPermissions {"permissions":["iam.serviceAccounts.actAs"]}
[debug] [2024-01-08T18:48:29.708Z] <<< [apiv2][status] POST https://iam.googleapis.com/v1/projects/login-4a040/serviceAccounts/login-4a040@appspot.gserviceaccount.com:testIamPermissions 200
[debug] [2024-01-08T18:48:29.709Z] <<< [apiv2][body] POST https://iam.googleapis.com/v1/projects/login-4a040/serviceAccounts/login-4a040@appspot.gserviceaccount.com:testIamPermissions {"permissions":["iam.serviceAccounts.actAs"]}
[info] 
[info] === Deploying to 'login-4a040'...
[info] 
[info] i  deploying functions 
[debug] [2024-01-08T18:48:29.713Z] >>> [apiv2][query] GET https://firebase.googleapis.com/v1beta1/projects/login-4a040 [none]
[debug] [2024-01-08T18:48:30.052Z] <<< [apiv2][status] GET https://firebase.googleapis.com/v1beta1/projects/login-4a040 200
[debug] [2024-01-08T18:48:30.052Z] <<< [apiv2][body] GET https://firebase.googleapis.com/v1beta1/projects/login-4a040 {"projectId":"login-4a040","projectNumber":"269412976790","displayName":"login","name":"projects/login-4a040","resources":{"hostingSite":"login-4a040","realtimeDatabaseInstance":"login-4a040-default-rtdb","storageBucket":"login-4a040.appspot.com","locationId":"europe-west6"},"state":"ACTIVE","etag":"1_0c89e275-64d7-4831-a871-94a1575e455c"}
[info] i  functions: preparing codebase default for deployment 
[info] i  functions: ensuring required API cloudfunctions.googleapis.com is enabled... 
[info] i  functions: ensuring required API cloudbuild.googleapis.com is enabled... 
[info] i  artifactregistry: ensuring required API artifactregistry.googleapis.com is enabled... 
[debug] [2024-01-08T18:48:30.055Z] >>> [apiv2][query] GET https://serviceusage.googleapis.com/v1/projects/login-4a040/services/cloudfunctions.googleapis.com [none]
[debug] [2024-01-08T18:48:30.055Z] >>> [apiv2][(partial)header] GET https://serviceusage.googleapis.com/v1/projects/login-4a040/services/cloudfunctions.googleapis.com x-goog-quota-user=projects/login-4a040
[debug] [2024-01-08T18:48:30.057Z] >>> [apiv2][query] GET https://serviceusage.googleapis.com/v1/projects/login-4a040/services/runtimeconfig.googleapis.com [none]
[debug] [2024-01-08T18:48:30.057Z] >>> [apiv2][(partial)header] GET https://serviceusage.googleapis.com/v1/projects/login-4a040/services/runtimeconfig.googleapis.com x-goog-quota-user=projects/login-4a040
[debug] [2024-01-08T18:48:30.058Z] >>> [apiv2][query] GET https://serviceusage.googleapis.com/v1/projects/login-4a040/services/cloudbuild.googleapis.com [none]
[debug] [2024-01-08T18:48:30.058Z] >>> [apiv2][(partial)header] GET https://serviceusage.googleapis.com/v1/projects/login-4a040/services/cloudbuild.googleapis.com x-goog-quota-user=projects/login-4a040
[debug] [2024-01-08T18:48:30.059Z] >>> [apiv2][query] GET https://serviceusage.googleapis.com/v1/projects/login-4a040/services/artifactregistry.googleapis.com [none]
[debug] [2024-01-08T18:48:30.059Z] >>> [apiv2][(partial)header] GET https://serviceusage.googleapis.com/v1/projects/login-4a040/services/artifactregistry.googleapis.com x-goog-quota-user=projects/login-4a040
[debug] [2024-01-08T18:48:31.015Z] <<< [apiv2][status] GET https://serviceusage.googleapis.com/v1/projects/login-4a040/services/cloudfunctions.googleapis.com 200
[debug] [2024-01-08T18:48:31.015Z] <<< [apiv2][body] GET https://serviceusage.googleapis.com/v1/projects/login-4a040/services/cloudfunctions.googleapis.com [omitted]
[info] +  functions: required API cloudfunctions.googleapis.com is enabled 
[debug] [2024-01-08T18:48:31.045Z] <<< [apiv2][status] GET https://serviceusage.googleapis.com/v1/projects/login-4a040/services/artifactregistry.googleapis.com 200
[debug] [2024-01-08T18:48:31.045Z] <<< [apiv2][body] GET https://serviceusage.googleapis.com/v1/projects/login-4a040/services/artifactregistry.googleapis.com [omitted]
[info] +  artifactregistry: required API artifactregistry.googleapis.com is enabled 
[debug] [2024-01-08T18:48:31.046Z] <<< [apiv2][status] GET https://serviceusage.googleapis.com/v1/projects/login-4a040/services/cloudbuild.googleapis.com 200
[debug] [2024-01-08T18:48:31.046Z] <<< [apiv2][body] GET https://serviceusage.googleapis.com/v1/projects/login-4a040/services/cloudbuild.googleapis.com [omitted]
[info] +  functions: required API cloudbuild.googleapis.com is enabled 
[debug] [2024-01-08T18:48:31.053Z] <<< [apiv2][status] GET https://serviceusage.googleapis.com/v1/projects/login-4a040/services/runtimeconfig.googleapis.com 200
[debug] [2024-01-08T18:48:31.053Z] <<< [apiv2][body] GET https://serviceusage.googleapis.com/v1/projects/login-4a040/services/runtimeconfig.googleapis.com [omitted]
[debug] [2024-01-08T18:48:31.054Z] >>> [apiv2][query] GET https://firebase.googleapis.com/v1beta1/projects/login-4a040/adminSdkConfig [none]
[debug] [2024-01-08T18:48:31.358Z] <<< [apiv2][status] GET https://firebase.googleapis.com/v1beta1/projects/login-4a040/adminSdkConfig 200
[debug] [2024-01-08T18:48:31.359Z] <<< [apiv2][body] GET https://firebase.googleapis.com/v1beta1/projects/login-4a040/adminSdkConfig {"projectId":"login-4a040","databaseURL":"https://login-4a040-default-rtdb.europe-west1.firebasedatabase.app","storageBucket":"login-4a040.appspot.com","locationId":"europe-west6"}
[debug] [2024-01-08T18:48:31.359Z] >>> [apiv2][query] GET https://runtimeconfig.googleapis.com/v1beta1/projects/login-4a040/configs [none]
[debug] [2024-01-08T18:48:31.602Z] <<< [apiv2][status] GET https://runtimeconfig.googleapis.com/v1beta1/projects/login-4a040/configs 200
[debug] [2024-01-08T18:48:31.602Z] <<< [apiv2][body] GET https://runtimeconfig.googleapis.com/v1beta1/projects/login-4a040/configs {}
[debug] [2024-01-08T18:48:31.604Z] Validating nodejs source
[debug] [2024-01-08T18:48:33.316Z] > [functions] package.json contents: {
  "name": "functions",
  "description": "Cloud Functions for Firebase",
  "scripts": {
    "serve": "firebase emulators:start --only functions",
    "shell": "firebase functions:shell",
    "start": "npm run shell",
    "deploy": "firebase deploy --only functions",
    "logs": "firebase functions:log"
  },
  "engines": {
    "node": "18"
  },
  "main": "index.js",
  "dependencies": {
    "firebase-admin": "^11.8.0",
    "firebase-functions": "^4.3.1",
    "sharp": "^0.33.1",
    "yarn": "^1.22.21"
  },
  "devDependencies": {
    "firebase-functions-test": "^3.1.0"
  },
  "private": true
}
[debug] [2024-01-08T18:48:33.316Z] Building nodejs source
[info] i  functions: Loading and analyzing source code for codebase default to determine what to deploy 
[debug] [2024-01-08T18:48:33.318Z] Could not find functions.yaml. Must use http discovery
[debug] [2024-01-08T18:48:33.329Z] Found firebase-functions binary at 'C:\Users\atreb\OneDrive\Documents\projects\aatailwind\node_modules\.bin\firebase-functions'
[info] Serving at port 8971

[debug] [2024-01-08T18:48:33.699Z] Got response from /__/functions.yaml {"endpoints":{"generateThumbnailEurope":{"platform":"gcfv2","availableMemoryMb":null,"timeoutSeconds":null,"minInstances":null,"maxInstances":null,"ingressSettings":null,"concurrency":null,"serviceAccountEmail":null,"vpc":null,"cpu":2,"region":["europe-west6"],"labels":{},"eventTrigger":{"eventType":"google.cloud.storage.object.v1.finalized","eventFilters":{"bucket":"login-4a040.appspot.com"},"retry":false},"entryPoint":"generateThumbnailEurope"}},"specVersion":"v1alpha1","requiredAPIs":[]}
[info] i  functions: preparing functions directory for uploading... 
[info] i  functions: packaged C:\Users\atreb\OneDrive\Documents\projects\aatailwind\functions (113.74 KB) for uploading 
[debug] [2024-01-08T18:48:38.782Z] >>> [apiv2][query] GET https://cloudfunctions.googleapis.com/v1/projects/login-4a040/locations/-/functions [none]
[debug] [2024-01-08T18:48:39.300Z] <<< [apiv2][status] GET https://cloudfunctions.googleapis.com/v1/projects/login-4a040/locations/-/functions 200
[debug] [2024-01-08T18:48:39.300Z] <<< [apiv2][body] GET https://cloudfunctions.googleapis.com/v1/projects/login-4a040/locations/-/functions {}
[debug] [2024-01-08T18:48:39.301Z] >>> [apiv2][query] GET https://cloudfunctions.googleapis.com/v2/projects/login-4a040/locations/-/functions filter=environment%3D%22GEN_2%22
[debug] [2024-01-08T18:48:40.291Z] <<< [apiv2][status] GET https://cloudfunctions.googleapis.com/v2/projects/login-4a040/locations/-/functions 200
[debug] [2024-01-08T18:48:40.291Z] <<< [apiv2][body] GET https://cloudfunctions.googleapis.com/v2/projects/login-4a040/locations/-/functions {}
[debug] [2024-01-08T18:48:40.292Z] Looking up bucket region for the storage event trigger
[debug] [2024-01-08T18:48:40.292Z] Looking up bucket region for the storage event trigger on bucket login-4a040.appspot.com
[debug] [2024-01-08T18:48:40.292Z] >>> [apiv2][query] GET https://storage.googleapis.com/storage/v1/b/login-4a040.appspot.com [none]
[debug] [2024-01-08T18:48:40.515Z] <<< [apiv2][status] GET https://storage.googleapis.com/storage/v1/b/login-4a040.appspot.com 200
[debug] [2024-01-08T18:48:40.515Z] <<< [apiv2][body] GET https://storage.googleapis.com/storage/v1/b/login-4a040.appspot.com {"kind":"storage#bucket","selfLink":"https://www.googleapis.com/storage/v1/b/login-4a040.appspot.com","id":"login-4a040.appspot.com","name":"login-4a040.appspot.com","projectNumber":"269412976790","metageneration":"4","location":"EUROPE-WEST6","storageClass":"STANDARD","etag":"CAQ=","timeCreated":"2023-09-14T20:40:31.906Z","updated":"2024-01-08T17:38:10.818Z","cors":[{"origin":["*"],"method":["GET"],"maxAgeSeconds":3600}],"iamConfiguration":{"bucketPolicyOnly":{"enabled":false},"uniformBucketLevelAccess":{"enabled":false},"publicAccessPrevention":"inherited"},"locationType":"region"}
[debug] [2024-01-08T18:48:40.515Z] Setting the event trigger region to europe-west6 .
[info] i  functions: ensuring required API run.googleapis.com is enabled... 
[info] i  functions: ensuring required API eventarc.googleapis.com is enabled... 
[info] i  functions: ensuring required API pubsub.googleapis.com is enabled... 
[info] i  functions: ensuring required API storage.googleapis.com is enabled... 
[debug] [2024-01-08T18:48:40.518Z] >>> [apiv2][query] GET https://serviceusage.googleapis.com/v1/projects/login-4a040/services/run.googleapis.com [none]
[debug] [2024-01-08T18:48:40.519Z] >>> [apiv2][(partial)header] GET https://serviceusage.googleapis.com/v1/projects/login-4a040/services/run.googleapis.com x-goog-quota-user=projects/login-4a040
[debug] [2024-01-08T18:48:40.521Z] >>> [apiv2][query] GET https://serviceusage.googleapis.com/v1/projects/login-4a040/services/eventarc.googleapis.com [none]
[debug] [2024-01-08T18:48:40.521Z] >>> [apiv2][(partial)header] GET https://serviceusage.googleapis.com/v1/projects/login-4a040/services/eventarc.googleapis.com x-goog-quota-user=projects/login-4a040
[debug] [2024-01-08T18:48:40.523Z] >>> [apiv2][query] GET https://serviceusage.googleapis.com/v1/projects/login-4a040/services/pubsub.googleapis.com [none]
[debug] [2024-01-08T18:48:40.523Z] >>> [apiv2][(partial)header] GET https://serviceusage.googleapis.com/v1/projects/login-4a040/services/pubsub.googleapis.com x-goog-quota-user=projects/login-4a040
[debug] [2024-01-08T18:48:40.524Z] >>> [apiv2][query] GET https://serviceusage.googleapis.com/v1/projects/login-4a040/services/storage.googleapis.com [none]
[debug] [2024-01-08T18:48:40.525Z] >>> [apiv2][(partial)header] GET https://serviceusage.googleapis.com/v1/projects/login-4a040/services/storage.googleapis.com x-goog-quota-user=projects/login-4a040
[debug] [2024-01-08T18:48:41.452Z] <<< [apiv2][status] GET https://serviceusage.googleapis.com/v1/projects/login-4a040/services/run.googleapis.com 200
[debug] [2024-01-08T18:48:41.452Z] <<< [apiv2][body] GET https://serviceusage.googleapis.com/v1/projects/login-4a040/services/run.googleapis.com [omitted]
[info] +  functions: required API run.googleapis.com is enabled 
[debug] [2024-01-08T18:48:41.454Z] <<< [apiv2][status] GET https://serviceusage.googleapis.com/v1/projects/login-4a040/services/storage.googleapis.com 200
[debug] [2024-01-08T18:48:41.454Z] <<< [apiv2][body] GET https://serviceusage.googleapis.com/v1/projects/login-4a040/services/storage.googleapis.com [omitted]
[info] +  functions: required API storage.googleapis.com is enabled 
[debug] [2024-01-08T18:48:41.455Z] <<< [apiv2][status] GET https://serviceusage.googleapis.com/v1/projects/login-4a040/services/pubsub.googleapis.com 200
[debug] [2024-01-08T18:48:41.455Z] <<< [apiv2][body] GET https://serviceusage.googleapis.com/v1/projects/login-4a040/services/pubsub.googleapis.com [omitted]
[info] +  functions: required API pubsub.googleapis.com is enabled 
[debug] [2024-01-08T18:48:41.484Z] <<< [apiv2][status] GET https://serviceusage.googleapis.com/v1/projects/login-4a040/services/eventarc.googleapis.com 200
[debug] [2024-01-08T18:48:41.484Z] <<< [apiv2][body] GET https://serviceusage.googleapis.com/v1/projects/login-4a040/services/eventarc.googleapis.com [omitted]
[info] +  functions: required API eventarc.googleapis.com is enabled 
[info] i  functions: generating the service identity for pubsub.googleapis.com... 
[info] i  functions: generating the service identity for eventarc.googleapis.com... 
[debug] [2024-01-08T18:48:41.486Z] >>> [apiv2][query] POST https://serviceusage.googleapis.com/v1beta1/projects/269412976790/services/pubsub.googleapis.com:generateServiceIdentity [none]
[debug] [2024-01-08T18:48:41.486Z] >>> [apiv2][query] POST https://serviceusage.googleapis.com/v1beta1/projects/269412976790/services/eventarc.googleapis.com:generateServiceIdentity [none]
[debug] [2024-01-08T18:48:42.489Z] <<< [apiv2][status] POST https://serviceusage.googleapis.com/v1beta1/projects/269412976790/services/pubsub.googleapis.com:generateServiceIdentity 200
[debug] [2024-01-08T18:48:42.489Z] <<< [apiv2][body] POST https://serviceusage.googleapis.com/v1beta1/projects/269412976790/services/pubsub.googleapis.com:generateServiceIdentity {"name":"operations/finished.DONE_OPERATION","done":true,"response":{"@type":"type.googleapis.com/google.api.serviceusage.v1beta1.ServiceIdentity","email":"service-269412976790@gcp-sa-pubsub.iam.gserviceaccount.com","uniqueId":"105990873539261478791"}}
[debug] [2024-01-08T18:48:42.508Z] <<< [apiv2][status] POST https://serviceusage.googleapis.com/v1beta1/projects/269412976790/services/eventarc.googleapis.com:generateServiceIdentity 200
[debug] [2024-01-08T18:48:42.508Z] <<< [apiv2][body] POST https://serviceusage.googleapis.com/v1beta1/projects/269412976790/services/eventarc.googleapis.com:generateServiceIdentity {"name":"operations/finished.DONE_OPERATION","done":true,"response":{"@type":"type.googleapis.com/google.api.serviceusage.v1beta1.ServiceIdentity","email":"service-269412976790@gcp-sa-eventarc.iam.gserviceaccount.com","uniqueId":"117120667954990181524"}}
[debug] [2024-01-08T18:48:42.509Z] >>> [apiv2][query] GET https://storage.googleapis.com/storage/v1/projects/269412976790/serviceAccount [none]
[debug] [2024-01-08T18:48:42.996Z] <<< [apiv2][status] GET https://storage.googleapis.com/storage/v1/projects/269412976790/serviceAccount 200
[debug] [2024-01-08T18:48:42.996Z] <<< [apiv2][body] GET https://storage.googleapis.com/storage/v1/projects/269412976790/serviceAccount {"kind":"storage#serviceAccount","email_address":"service-269412976790@gs-project-accounts.iam.gserviceaccount.com"}
[debug] [2024-01-08T18:48:42.997Z] >>> [apiv2][query] POST https://cloudresourcemanager.googleapis.com/v1/projects/269412976790:getIamPolicy [none]
[debug] [2024-01-08T18:48:43.288Z] <<< [apiv2][status] POST https://cloudresourcemanager.googleapis.com/v1/projects/269412976790:getIamPolicy 200
[debug] [2024-01-08T18:48:43.288Z] <<< [apiv2][body] POST https://cloudresourcemanager.googleapis.com/v1/projects/269412976790:getIamPolicy {"version":1,"etag":"BwYOcuF0fyA=","bindings":[{"role":"roles/artifactregistry.serviceAgent","members":["serviceAccount:service-269412976790@gcp-sa-artifactregistry.iam.gserviceaccount.com"]},{"role":"roles/cloudbuild.builds.builder","members":["serviceAccount:269412976790@cloudbuild.gserviceaccount.com"]},{"role":"roles/cloudbuild.serviceAgent","members":["serviceAccount:service-269412976790@gcp-sa-cloudbuild.iam.gserviceaccount.com"]},{"role":"roles/cloudfunctions.admin","members":["serviceAccount:firebase-adminsdk-7z11f@login-4a040.iam.gserviceaccount.com"]},{"role":"roles/cloudfunctions.serviceAgent","members":["serviceAccount:service-269412976790@gcf-admin-robot.iam.gserviceaccount.com"]},{"role":"roles/containerregistry.ServiceAgent","members":["serviceAccount:service-269412976790@containerregistry.iam.gserviceaccount.com"]},{"role":"roles/editor","members":["deleted:serviceAccount:firestore@login-4a040.iam.gserviceaccount.com?uid=114849451722516667466","serviceAccount:269412976790-compute@developer.gserviceaccount.com","serviceAccount:269412976790@cloudservices.gserviceaccount.com","serviceAccount:login-4a040@appspot.gserviceaccount.com"]},{"role":"roles/eventarc.eventReceiver","members":["serviceAccount:269412976790-compute@developer.gserviceaccount.com"]},{"role":"roles/eventarc.serviceAgent","members":["serviceAccount:service-269412976790@gcp-sa-eventarc.iam.gserviceaccount.com"]},{"role":"roles/firebase.managementServiceAgent","members":["serviceAccount:firebase-service-account@firebase-sa-management.iam.gserviceaccount.com","serviceAccount:service-269412976790@gcp-sa-firebase.iam.gserviceaccount.com"]},{"role":"roles/firebase.sdkAdminServiceAgent","members":["serviceAccount:firebase-adminsdk-7z11f@login-4a040.iam.gserviceaccount.com"]},{"role":"roles/firebaseappcheck.admin","members":["serviceAccount:firebase-adminsdk-7z11f@login-4a040.iam.gserviceaccount.com"]},{"role":"roles/firebaseauth.admin","members":["serviceAccount:firebase-adminsdk-7z11f@login-4a040.iam.gserviceaccount.com"]},{"role":"roles/firebasedatabase.admin","members":["serviceAccount:firebase-adminsdk-7z11f@login-4a040.iam.gserviceaccount.com"]},{"role":"roles/firebasemods.serviceAgent","members":["serviceAccount:service-269412976790@gcp-sa-firebasemods.iam.gserviceaccount.com"]},{"role":"roles/firebaserules.system","members":["serviceAccount:service-269412976790@firebase-rules.iam.gserviceaccount.com"]},{"role":"roles/firebasestorage.serviceAgent","members":["serviceAccount:service-269412976790@gcp-sa-firebasestorage.iam.gserviceaccount.com"]},{"role":"roles/firestore.serviceAgent","members":["serviceAccount:service-269412976790@gcp-sa-firestore.iam.gserviceaccount.com"]},{"role":"roles/iam.serviceAccountTokenCreator","members":["serviceAccount:firebase-adminsdk-7z11f@login-4a040.iam.gserviceaccount.com","serviceAccount:service-269412976790@gcp-sa-pubsub.iam.gserviceaccount.com"]},{"role":"roles/owner","members":["user:jaromajdz@gmail.com"]},{"role":"roles/pubsub.publisher","members":["serviceAccount:service-269412976790@gs-project-accounts.iam.gserviceaccount.com"]},{"role":"roles/pubsub.serviceAgent","members":["serviceAccount:service-269412976790@gcp-sa-pubsub.iam.gserviceaccount.com"]},{"role":"roles/run.invoker","members":["serviceAccount:269412976790-compute@developer.gserviceaccount.com"]},{"role":"roles/run.serviceAgent","members":["serviceAccount:service-269412976790@serverless-robot-prod.iam.gserviceaccount.com"]},{"role":"roles/storage.admin","members":["serviceAccount:ext-image-processing-api@login-4a040.iam.gserviceaccount.com","serviceAccount:firebase-adminsdk-7z11f@login-4a040.iam.gserviceaccount.com"]}]}
[debug] [2024-01-08T18:48:43.288Z] >>> [apiv2][query] GET https://firebase.googleapis.com/v1beta1/projects/login-4a040 [none]
[debug] [2024-01-08T18:48:43.505Z] <<< [apiv2][status] GET https://firebase.googleapis.com/v1beta1/projects/login-4a040 200
[debug] [2024-01-08T18:48:43.505Z] <<< [apiv2][body] GET https://firebase.googleapis.com/v1beta1/projects/login-4a040 {"projectId":"login-4a040","projectNumber":"269412976790","displayName":"login","name":"projects/login-4a040","resources":{"hostingSite":"login-4a040","realtimeDatabaseInstance":"login-4a040-default-rtdb","storageBucket":"login-4a040.appspot.com","locationId":"europe-west6"},"state":"ACTIVE","etag":"1_0c89e275-64d7-4831-a871-94a1575e455c"}
[debug] [2024-01-08T18:48:43.506Z] >>> [apiv2][query] POST https://cloudfunctions.googleapis.com/v2/projects/login-4a040/locations/europe-west6/functions:generateUploadUrl [none]
[debug] [2024-01-08T18:48:43.756Z] <<< [apiv2][status] POST https://cloudfunctions.googleapis.com/v2/projects/login-4a040/locations/europe-west6/functions:generateUploadUrl 200
[debug] [2024-01-08T18:48:43.756Z] <<< [apiv2][body] POST https://cloudfunctions.googleapis.com/v2/projects/login-4a040/locations/europe-west6/functions:generateUploadUrl {"uploadUrl":"https://storage.googleapis.com/gcf-v2-uploads-269412976790-europe-west6/612fe169-d12f-4950-88cb-74cda78d8f52.zip?GoogleAccessId=service-269412976790@gcf-admin-robot.iam.gserviceaccount.com&Expires=1704741522&Signature=PXMHDkDthyyvotOmE2%2FlCwfpBYLOtcI8TxIfvpcLFDWlPXbOfXoSID2%2FXGop0FievLF2UOnFg3UUBd%2BIRxKzjdwm1sgoTLjMKrFTqC9Nj0CBtX5FDK1MgyqbFxaSde1nzuFRQc04IN7CUkU4uhhpniiURKLMujWL%2FYv47Kc2qf%2FRJFCq53PDMjwdfev45jfrA3r5QPqeakyhiHuQ2b1XUHjcu0p8VrKGUsWVts%2BzNlQ%2BqC7ZQQP3fgGC1zojV6Qv0k36UuxHH%2Beh6yjABxgHLHZVMZxIsxgdtZCA68q0%2FEtst2qaderCSES6YnS6cKqIceNr6d8vXiKozOtaXAtUuw%3D%3D","storageSource":{"bucket":"gcf-v2-uploads-269412976790-europe-west6","object":"612fe169-d12f-4950-88cb-74cda78d8f52.zip"}}
[debug] [2024-01-08T18:48:43.757Z] >>> [apiv2][query] PUT https://storage.googleapis.com/gcf-v2-uploads-269412976790-europe-west6/612fe169-d12f-4950-88cb-74cda78d8f52.zip GoogleAccessId=service-269412976790%40gcf-admin-robot.iam.gserviceaccount.com&Expires=1704741522&Signature=PXMHDkDthyyvotOmE2%2FlCwfpBYLOtcI8TxIfvpcLFDWlPXbOfXoSID2%2FXGop0FievLF2UOnFg3UUBd%2BIRxKzjdwm1sgoTLjMKrFTqC9Nj0CBtX5FDK1MgyqbFxaSde1nzuFRQc04IN7CUkU4uhhpniiURKLMujWL%2FYv47Kc2qf%2FRJFCq53PDMjwdfev45jfrA3r5QPqeakyhiHuQ2b1XUHjcu0p8VrKGUsWVts%2BzNlQ%2BqC7ZQQP3fgGC1zojV6Qv0k36UuxHH%2Beh6yjABxgHLHZVMZxIsxgdtZCA68q0%2FEtst2qaderCSES6YnS6cKqIceNr6d8vXiKozOtaXAtUuw%3D%3D
[debug] [2024-01-08T18:48:43.757Z] >>> [apiv2][body] PUT https://storage.googleapis.com/gcf-v2-uploads-269412976790-europe-west6/612fe169-d12f-4950-88cb-74cda78d8f52.zip [stream]
[debug] [2024-01-08T18:48:43.894Z] <<< [apiv2][status] PUT https://storage.googleapis.com/gcf-v2-uploads-269412976790-europe-west6/612fe169-d12f-4950-88cb-74cda78d8f52.zip 200
[debug] [2024-01-08T18:48:43.894Z] <<< [apiv2][body] PUT https://storage.googleapis.com/gcf-v2-uploads-269412976790-europe-west6/612fe169-d12f-4950-88cb-74cda78d8f52.zip [omitted]
[info] +  functions: functions folder uploaded successfully 
[info] i  functions: creating Node.js 18 (2nd Gen) function generateThumbnailEurope(europe-west6)... 
[debug] [2024-01-08T18:48:43.899Z] >>> [apiv2][query] POST https://cloudfunctions.googleapis.com/v2/projects/login-4a040/locations/europe-west6/functions functionId=generateThumbnailEurope
[debug] [2024-01-08T18:48:43.900Z] >>> [apiv2][body] POST https://cloudfunctions.googleapis.com/v2/projects/login-4a040/locations/europe-west6/functions {"name":"projects/login-4a040/locations/europe-west6/functions/generateThumbnailEurope","buildConfig":{"runtime":"nodejs18","entryPoint":"generateThumbnailEurope","source":{"storageSource":{"bucket":"gcf-v2-uploads-269412976790-europe-west6","object":"612fe169-d12f-4950-88cb-74cda78d8f52.zip"}},"environmentVariables":{"GOOGLE_NODE_RUN_SCRIPTS":""}},"serviceConfig":{"environmentVariables":{"FIREBASE_CONFIG":"{\"projectId\":\"login-4a040\",\"databaseURL\":\"https://login-4a040-default-rtdb.europe-west1.firebasedatabase.app\",\"storageBucket\":\"login-4a040.appspot.com\",\"locationId\":\"europe-west6\"}","GCLOUD_PROJECT":"login-4a040","EVENTARC_CLOUD_EVENT_SOURCE":"projects/login-4a040/locations/europe-west6/services/generateThumbnailEurope","FUNCTION_SIGNATURE_TYPE":"cloudevent","FUNCTION_TARGET":"generateThumbnailEurope"},"ingressSettings":null,"timeoutSeconds":null,"serviceAccountEmail":null,"availableMemory":"256Mi","minInstanceCount":null,"maxInstanceCount":null,"maxInstanceRequestConcurrency":80,"availableCpu":"2","vpcConnector":null,"vpcConnectorEgressSettings":null},"labels":{"deployment-tool":"cli-firebase","firebase-functions-hash":"a7e788a782d0addc931823731bbf46f888308cc8"},"eventTrigger":{"eventType":"google.cloud.storage.object.v1.finalized","retryPolicy":"RETRY_POLICY_DO_NOT_RETRY","eventFilters":[{"attribute":"bucket","value":"login-4a040.appspot.com"}],"triggerRegion":"europe-west6"}}
[debug] [2024-01-08T18:48:45.436Z] <<< [apiv2][status] POST https://cloudfunctions.googleapis.com/v2/projects/login-4a040/locations/europe-west6/functions 200
[debug] [2024-01-08T18:48:45.436Z] <<< [apiv2][body] POST https://cloudfunctions.googleapis.com/v2/projects/login-4a040/locations/europe-west6/functions {"name":"projects/login-4a040/locations/europe-west6/operations/operation-1704739722951-60e73a59efc8e-c6d23cac-328d7294","metadata":{"@type":"type.googleapis.com/google.cloud.functions.v2.OperationMetadata","createTime":"2024-01-08T18:48:44.327810617Z","target":"projects/login-4a040/locations/europe-west6/functions/generateThumbnailEurope","verb":"create","cancelRequested":false,"apiVersion":"v2"},"done":false}
[debug] [2024-01-08T18:48:45.437Z] >>> [apiv2][query] GET https://cloudfunctions.googleapis.com/v2/projects/login-4a040/locations/europe-west6/operations/operation-1704739722951-60e73a59efc8e-c6d23cac-328d7294 [none]
[debug] [2024-01-08T18:48:45.577Z] <<< [apiv2][status] GET https://cloudfunctions.googleapis.com/v2/projects/login-4a040/locations/europe-west6/operations/operation-1704739722951-60e73a59efc8e-c6d23cac-328d7294 200
[debug] [2024-01-08T18:48:45.577Z] <<< [apiv2][body] GET https://cloudfunctions.googleapis.com/v2/projects/login-4a040/locations/europe-west6/operations/operation-1704739722951-60e73a59efc8e-c6d23cac-328d7294 {"name":"projects/login-4a040/locations/europe-west6/operations/operation-1704739722951-60e73a59efc8e-c6d23cac-328d7294","metadata":{"@type":"type.googleapis.com/google.cloud.functions.v2.OperationMetadata","createTime":"2024-01-08T18:48:44.327810617Z","target":"projects/login-4a040/locations/europe-west6/functions/generateThumbnailEurope","verb":"create","cancelRequested":false,"apiVersion":"v2","requestResource":{"@type":"type.googleapis.com/google.cloud.functions.v2.Function","name":"projects/login-4a040/locations/europe-west6/functions/generateThumbnailEurope","buildConfig":{"runtime":"nodejs18","entryPoint":"generateThumbnailEurope","source":{"storageSource":{"bucket":"gcf-v2-sources-269412976790-europe-west6","object":"generateThumbnailEurope/function-source.zip","generation":"1704739723116106"}},"environmentVariables":{"GOOGLE_NODE_RUN_SCRIPTS":""}},"serviceConfig":{"service":"projects/login-4a040/locations/europe-west6/services/generatethumbnaileurope","timeoutSeconds":60,"environmentVariables":{"FIREBASE_CONFIG":"{\"projectId\":\"login-4a040\",\"databaseURL\":\"https://login-4a040-default-rtdb.europe-west1.firebasedatabase.app\",\"storageBucket\":\"login-4a040.appspot.com\",\"locationId\":\"europe-west6\"}","GCLOUD_PROJECT":"login-4a040","EVENTARC_CLOUD_EVENT_SOURCE":"projects/login-4a040/locations/europe-west6/services/generateThumbnailEurope","FUNCTION_SIGNATURE_TYPE":"cloudevent","FUNCTION_TARGET":"generateThumbnailEurope"},"maxInstanceCount":100,"ingressSettings":"ALLOW_ALL","serviceAccountEmail":"269412976790-compute@developer.gserviceaccount.com","availableMemory":"256Mi","maxInstanceRequestConcurrency":80,"availableCpu":"2"},"eventTrigger":{"trigger":"projects/login-4a040/locations/europe-west6/triggers/generatethumbnaileurope-491048","triggerRegion":"europe-west6","eventType":"google.cloud.storage.object.v1.finalized","eventFilters":[{"attribute":"bucket","value":"login-4a040.appspot.com"}],"serviceAccountEmail":"269412976790-compute@developer.gserviceaccount.com","retryPolicy":"RETRY_POLICY_DO_NOT_RETRY"},"labels":{"deployment-tool":"cli-firebase","firebase-functions-hash":"a7e788a782d0addc931823731bbf46f888308cc8"},"environment":"GEN_2"},"stages":[{"name":"BUILD","state":"NOT_STARTED"},{"name":"SERVICE","state":"NOT_STARTED"},{"name":"TRIGGER","state":"NOT_STARTED"}],"operationType":"CREATE_FUNCTION"},"done":false}
[debug] [2024-01-08T18:48:46.085Z] [create-default-europe-west6-generateThumbnailEurope] Retrying task index 0
[debug] [2024-01-08T18:48:46.086Z] >>> [apiv2][query] GET https://cloudfunctions.googleapis.com/v2/projects/login-4a040/locations/europe-west6/operations/operation-1704739722951-60e73a59efc8e-c6d23cac-328d7294 [none]
[debug] [2024-01-08T18:48:46.230Z] <<< [apiv2][status] GET https://cloudfunctions.googleapis.com/v2/projects/login-4a040/locations/europe-west6/operations/operation-1704739722951-60e73a59efc8e-c6d23cac-328d7294 200
[debug] [2024-01-08T18:48:46.230Z] <<< [apiv2][body] GET https://cloudfunctions.googleapis.com/v2/projects/login-4a040/locations/europe-west6/operations/operation-1704739722951-60e73a59efc8e-c6d23cac-328d7294 {"name":"projects/login-4a040/locations/europe-west6/operations/operation-1704739722951-60e73a59efc8e-c6d23cac-328d7294","metadata":{"@type":"type.googleapis.com/google.cloud.functions.v2.OperationMetadata","createTime":"2024-01-08T18:48:44.327810617Z","target":"projects/login-4a040/locations/europe-west6/functions/generateThumbnailEurope","verb":"create","cancelRequested":false,"apiVersion":"v2","requestResource":{"@type":"type.googleapis.com/google.cloud.functions.v2.Function","name":"projects/login-4a040/locations/europe-west6/functions/generateThumbnailEurope","buildConfig":{"runtime":"nodejs18","entryPoint":"generateThumbnailEurope","source":{"storageSource":{"bucket":"gcf-v2-sources-269412976790-europe-west6","object":"generateThumbnailEurope/function-source.zip","generation":"1704739723116106"}},"environmentVariables":{"GOOGLE_NODE_RUN_SCRIPTS":""}},"serviceConfig":{"service":"projects/login-4a040/locations/europe-west6/services/generatethumbnaileurope","timeoutSeconds":60,"environmentVariables":{"FIREBASE_CONFIG":"{\"projectId\":\"login-4a040\",\"databaseURL\":\"https://login-4a040-default-rtdb.europe-west1.firebasedatabase.app\",\"storageBucket\":\"login-4a040.appspot.com\",\"locationId\":\"europe-west6\"}","GCLOUD_PROJECT":"login-4a040","EVENTARC_CLOUD_EVENT_SOURCE":"projects/login-4a040/locations/europe-west6/services/generateThumbnailEurope","FUNCTION_SIGNATURE_TYPE":"cloudevent","FUNCTION_TARGET":"generateThumbnailEurope"},"maxInstanceCount":100,"ingressSettings":"ALLOW_ALL","serviceAccountEmail":"269412976790-compute@developer.gserviceaccount.com","availableMemory":"256Mi","maxInstanceRequestConcurrency":80,"availableCpu":"2"},"eventTrigger":{"trigger":"projects/login-4a040/locations/europe-west6/triggers/generatethumbnaileurope-491048","triggerRegion":"europe-west6","eventType":"google.cloud.storage.object.v1.finalized","eventFilters":[{"attribute":"bucket","value":"login-4a040.appspot.com"}],"serviceAccountEmail":"269412976790-compute@developer.gserviceaccount.com","retryPolicy":"RETRY_POLICY_DO_NOT_RETRY"},"labels":{"deployment-tool":"cli-firebase","firebase-functions-hash":"a7e788a782d0addc931823731bbf46f888308cc8"},"environment":"GEN_2"},"stages":[{"name":"BUILD","state":"NOT_STARTED"},{"name":"SERVICE","state":"NOT_STARTED"},{"name":"TRIGGER","state":"NOT_STARTED"}],"operationType":"CREATE_FUNCTION"},"done":false}
[debug] [2024-01-08T18:48:47.237Z] [create-default-europe-west6-generateThumbnailEurope] Retrying task index 0
[debug] [2024-01-08T18:48:47.237Z] >>> [apiv2][query] GET https://cloudfunctions.googleapis.com/v2/projects/login-4a040/locations/europe-west6/operations/operation-1704739722951-60e73a59efc8e-c6d23cac-328d7294 [none]
[debug] [2024-01-08T18:48:47.356Z] <<< [apiv2][status] GET https://cloudfunctions.googleapis.com/v2/projects/login-4a040/locations/europe-west6/operations/operation-1704739722951-60e73a59efc8e-c6d23cac-328d7294 200
[debug] [2024-01-08T18:48:47.356Z] <<< [apiv2][body] GET https://cloudfunctions.googleapis.com/v2/projects/login-4a040/locations/europe-west6/operations/operation-1704739722951-60e73a59efc8e-c6d23cac-328d7294 {"name":"projects/login-4a040/locations/europe-west6/operations/operation-1704739722951-60e73a59efc8e-c6d23cac-328d7294","metadata":{"@type":"type.googleapis.com/google.cloud.functions.v2.OperationMetadata","createTime":"2024-01-08T18:48:44.327810617Z","target":"projects/login-4a040/locations/europe-west6/functions/generateThumbnailEurope","verb":"create","cancelRequested":false,"apiVersion":"v2","requestResource":{"@type":"type.googleapis.com/google.cloud.functions.v2.Function","name":"projects/login-4a040/locations/europe-west6/functions/generateThumbnailEurope","buildConfig":{"runtime":"nodejs18","entryPoint":"generateThumbnailEurope","source":{"storageSource":{"bucket":"gcf-v2-sources-269412976790-europe-west6","object":"generateThumbnailEurope/function-source.zip","generation":"1704739723116106"}},"environmentVariables":{"GOOGLE_NODE_RUN_SCRIPTS":""}},"serviceConfig":{"service":"projects/login-4a040/locations/europe-west6/services/generatethumbnaileurope","timeoutSeconds":60,"environmentVariables":{"FIREBASE_CONFIG":"{\"projectId\":\"login-4a040\",\"databaseURL\":\"https://login-4a040-default-rtdb.europe-west1.firebasedatabase.app\",\"storageBucket\":\"login-4a040.appspot.com\",\"locationId\":\"europe-west6\"}","GCLOUD_PROJECT":"login-4a040","EVENTARC_CLOUD_EVENT_SOURCE":"projects/login-4a040/locations/europe-west6/services/generateThumbnailEurope","FUNCTION_SIGNATURE_TYPE":"cloudevent","FUNCTION_TARGET":"generateThumbnailEurope"},"maxInstanceCount":100,"ingressSettings":"ALLOW_ALL","serviceAccountEmail":"269412976790-compute@developer.gserviceaccount.com","availableMemory":"256Mi","maxInstanceRequestConcurrency":80,"availableCpu":"2"},"eventTrigger":{"trigger":"projects/login-4a040/locations/europe-west6/triggers/generatethumbnaileurope-491048","triggerRegion":"europe-west6","eventType":"google.cloud.storage.object.v1.finalized","eventFilters":[{"attribute":"bucket","value":"login-4a040.appspot.com"}],"serviceAccountEmail":"269412976790-compute@developer.gserviceaccount.com","retryPolicy":"RETRY_POLICY_DO_NOT_RETRY"},"labels":{"deployment-tool":"cli-firebase","firebase-functions-hash":"a7e788a782d0addc931823731bbf46f888308cc8"},"environment":"GEN_2"},"stages":[{"name":"BUILD","message":"Build in progress","state":"IN_PROGRESS","resource":"projects/269412976790/locations/europe-west6/builds/6d98aecf-4588-4658-9d25-967de1453747","resourceUri":"https://console.cloud.google.com/cloud-build/builds;region=europe-west6/6d98aecf-4588-4658-9d25-967de1453747?project=269412976790"},{"name":"SERVICE","state":"NOT_STARTED"},{"name":"TRIGGER","state":"NOT_STARTED"}],"operationType":"CREATE_FUNCTION"},"done":false}
[debug] [2024-01-08T18:48:49.364Z] [create-default-europe-west6-generateThumbnailEurope] Retrying task index 0
[debug] [2024-01-08T18:48:49.364Z] >>> [apiv2][query] GET https://cloudfunctions.googleapis.com/v2/projects/login-4a040/locations/europe-west6/operations/operation-1704739722951-60e73a59efc8e-c6d23cac-328d7294 [none]
[debug] [2024-01-08T18:48:49.501Z] <<< [apiv2][status] GET https://cloudfunctions.googleapis.com/v2/projects/login-4a040/locations/europe-west6/operations/operation-1704739722951-60e73a59efc8e-c6d23cac-328d7294 200
[debug] [2024-01-08T18:48:49.501Z] <<< [apiv2][body] GET https://cloudfunctions.googleapis.com/v2/projects/login-4a040/locations/europe-west6/operations/operation-1704739722951-60e73a59efc8e-c6d23cac-328d7294 {"name":"projects/login-4a040/locations/europe-west6/operations/operation-1704739722951-60e73a59efc8e-c6d23cac-328d7294","metadata":{"@type":"type.googleapis.com/google.cloud.functions.v2.OperationMetadata","createTime":"2024-01-08T18:48:44.327810617Z","target":"projects/login-4a040/locations/europe-west6/functions/generateThumbnailEurope","verb":"create","cancelRequested":false,"apiVersion":"v2","requestResource":{"@type":"type.googleapis.com/google.cloud.functions.v2.Function","name":"projects/login-4a040/locations/europe-west6/functions/generateThumbnailEurope","buildConfig":{"runtime":"nodejs18","entryPoint":"generateThumbnailEurope","source":{"storageSource":{"bucket":"gcf-v2-sources-269412976790-europe-west6","object":"generateThumbnailEurope/function-source.zip","generation":"1704739723116106"}},"environmentVariables":{"GOOGLE_NODE_RUN_SCRIPTS":""}},"serviceConfig":{"service":"projects/login-4a040/locations/europe-west6/services/generatethumbnaileurope","timeoutSeconds":60,"environmentVariables":{"FIREBASE_CONFIG":"{\"projectId\":\"login-4a040\",\"databaseURL\":\"https://login-4a040-default-rtdb.europe-west1.firebasedatabase.app\",\"storageBucket\":\"login-4a040.appspot.com\",\"locationId\":\"europe-west6\"}","GCLOUD_PROJECT":"login-4a040","EVENTARC_CLOUD_EVENT_SOURCE":"projects/login-4a040/locations/europe-west6/services/generateThumbnailEurope","FUNCTION_SIGNATURE_TYPE":"cloudevent","FUNCTION_TARGET":"generateThumbnailEurope"},"maxInstanceCount":100,"ingressSettings":"ALLOW_ALL","serviceAccountEmail":"269412976790-compute@developer.gserviceaccount.com","availableMemory":"256Mi","maxInstanceRequestConcurrency":80,"availableCpu":"2"},"eventTrigger":{"trigger":"projects/login-4a040/locations/europe-west6/triggers/generatethumbnaileurope-491048","triggerRegion":"europe-west6","eventType":"google.cloud.storage.object.v1.finalized","eventFilters":[{"attribute":"bucket","value":"login-4a040.appspot.com"}],"serviceAccountEmail":"269412976790-compute@developer.gserviceaccount.com","retryPolicy":"RETRY_POLICY_DO_NOT_RETRY"},"labels":{"deployment-tool":"cli-firebase","firebase-functions-hash":"a7e788a782d0addc931823731bbf46f888308cc8"},"environment":"GEN_2"},"stages":[{"name":"BUILD","message":"Build in progress","state":"IN_PROGRESS","resource":"projects/269412976790/locations/europe-west6/builds/6d98aecf-4588-4658-9d25-967de1453747","resourceUri":"https://console.cloud.google.com/cloud-build/builds;region=europe-west6/6d98aecf-4588-4658-9d25-967de1453747?project=269412976790"},{"name":"SERVICE","state":"NOT_STARTED"},{"name":"TRIGGER","state":"NOT_STARTED"}],"operationType":"CREATE_FUNCTION"},"done":false}
[debug] [2024-01-08T18:48:53.505Z] [create-default-europe-west6-generateThumbnailEurope] Retrying task index 0
[debug] [2024-01-08T18:48:53.506Z] >>> [apiv2][query] GET https://cloudfunctions.googleapis.com/v2/projects/login-4a040/locations/europe-west6/operations/operation-1704739722951-60e73a59efc8e-c6d23cac-328d7294 [none]
[debug] [2024-01-08T18:48:53.647Z] <<< [apiv2][status] GET https://cloudfunctions.googleapis.com/v2/projects/login-4a040/locations/europe-west6/operations/operation-1704739722951-60e73a59efc8e-c6d23cac-328d7294 200
[debug] [2024-01-08T18:48:53.647Z] <<< [apiv2][body] GET https://cloudfunctions.googleapis.com/v2/projects/login-4a040/locations/europe-west6/operations/operation-1704739722951-60e73a59efc8e-c6d23cac-328d7294 {"name":"projects/login-4a040/locations/europe-west6/operations/operation-1704739722951-60e73a59efc8e-c6d23cac-328d7294","metadata":{"@type":"type.googleapis.com/google.cloud.functions.v2.OperationMetadata","createTime":"2024-01-08T18:48:44.327810617Z","target":"projects/login-4a040/locations/europe-west6/functions/generateThumbnailEurope","verb":"create","cancelRequested":false,"apiVersion":"v2","requestResource":{"@type":"type.googleapis.com/google.cloud.functions.v2.Function","name":"projects/login-4a040/locations/europe-west6/functions/generateThumbnailEurope","buildConfig":{"runtime":"nodejs18","entryPoint":"generateThumbnailEurope","source":{"storageSource":{"bucket":"gcf-v2-sources-269412976790-europe-west6","object":"generateThumbnailEurope/function-source.zip","generation":"1704739723116106"}},"environmentVariables":{"GOOGLE_NODE_RUN_SCRIPTS":""}},"serviceConfig":{"service":"projects/login-4a040/locations/europe-west6/services/generatethumbnaileurope","timeoutSeconds":60,"environmentVariables":{"FIREBASE_CONFIG":"{\"projectId\":\"login-4a040\",\"databaseURL\":\"https://login-4a040-default-rtdb.europe-west1.firebasedatabase.app\",\"storageBucket\":\"login-4a040.appspot.com\",\"locationId\":\"europe-west6\"}","GCLOUD_PROJECT":"login-4a040","EVENTARC_CLOUD_EVENT_SOURCE":"projects/login-4a040/locations/europe-west6/services/generateThumbnailEurope","FUNCTION_SIGNATURE_TYPE":"cloudevent","FUNCTION_TARGET":"generateThumbnailEurope"},"maxInstanceCount":100,"ingressSettings":"ALLOW_ALL","serviceAccountEmail":"269412976790-compute@developer.gserviceaccount.com","availableMemory":"256Mi","maxInstanceRequestConcurrency":80,"availableCpu":"2"},"eventTrigger":{"trigger":"projects/login-4a040/locations/europe-west6/triggers/generatethumbnaileurope-491048","triggerRegion":"europe-west6","eventType":"google.cloud.storage.object.v1.finalized","eventFilters":[{"attribute":"bucket","value":"login-4a040.appspot.com"}],"serviceAccountEmail":"269412976790-compute@developer.gserviceaccount.com","retryPolicy":"RETRY_POLICY_DO_NOT_RETRY"},"labels":{"deployment-tool":"cli-firebase","firebase-functions-hash":"a7e788a782d0addc931823731bbf46f888308cc8"},"environment":"GEN_2"},"stages":[{"name":"BUILD","message":"Build in progress","state":"IN_PROGRESS","resource":"projects/269412976790/locations/europe-west6/builds/6d98aecf-4588-4658-9d25-967de1453747","resourceUri":"https://console.cloud.google.com/cloud-build/builds;region=europe-west6/6d98aecf-4588-4658-9d25-967de1453747?project=269412976790"},{"name":"SERVICE","state":"NOT_STARTED"},{"name":"TRIGGER","state":"NOT_STARTED"}],"operationType":"CREATE_FUNCTION"},"done":false}
[debug] [2024-01-08T18:49:01.656Z] [create-default-europe-west6-generateThumbnailEurope] Retrying task index 0
[debug] [2024-01-08T18:49:01.657Z] >>> [apiv2][query] GET https://cloudfunctions.googleapis.com/v2/projects/login-4a040/locations/europe-west6/operations/operation-1704739722951-60e73a59efc8e-c6d23cac-328d7294 [none]
[debug] [2024-01-08T18:49:01.836Z] <<< [apiv2][status] GET https://cloudfunctions.googleapis.com/v2/projects/login-4a040/locations/europe-west6/operations/operation-1704739722951-60e73a59efc8e-c6d23cac-328d7294 200
[debug] [2024-01-08T18:49:01.836Z] <<< [apiv2][body] GET https://cloudfunctions.googleapis.com/v2/projects/login-4a040/locations/europe-west6/operations/operation-1704739722951-60e73a59efc8e-c6d23cac-328d7294 {"name":"projects/login-4a040/locations/europe-west6/operations/operation-1704739722951-60e73a59efc8e-c6d23cac-328d7294","metadata":{"@type":"type.googleapis.com/google.cloud.functions.v2.OperationMetadata","createTime":"2024-01-08T18:48:44.327810617Z","target":"projects/login-4a040/locations/europe-west6/functions/generateThumbnailEurope","verb":"create","cancelRequested":false,"apiVersion":"v2","requestResource":{"@type":"type.googleapis.com/google.cloud.functions.v2.Function","name":"projects/login-4a040/locations/europe-west6/functions/generateThumbnailEurope","buildConfig":{"runtime":"nodejs18","entryPoint":"generateThumbnailEurope","source":{"storageSource":{"bucket":"gcf-v2-sources-269412976790-europe-west6","object":"generateThumbnailEurope/function-source.zip","generation":"1704739723116106"}},"environmentVariables":{"GOOGLE_NODE_RUN_SCRIPTS":""}},"serviceConfig":{"service":"projects/login-4a040/locations/europe-west6/services/generatethumbnaileurope","timeoutSeconds":60,"environmentVariables":{"FIREBASE_CONFIG":"{\"projectId\":\"login-4a040\",\"databaseURL\":\"https://login-4a040-default-rtdb.europe-west1.firebasedatabase.app\",\"storageBucket\":\"login-4a040.appspot.com\",\"locationId\":\"europe-west6\"}","GCLOUD_PROJECT":"login-4a040","EVENTARC_CLOUD_EVENT_SOURCE":"projects/login-4a040/locations/europe-west6/services/generateThumbnailEurope","FUNCTION_SIGNATURE_TYPE":"cloudevent","FUNCTION_TARGET":"generateThumbnailEurope"},"maxInstanceCount":100,"ingressSettings":"ALLOW_ALL","serviceAccountEmail":"269412976790-compute@developer.gserviceaccount.com","availableMemory":"256Mi","maxInstanceRequestConcurrency":80,"availableCpu":"2"},"eventTrigger":{"trigger":"projects/login-4a040/locations/europe-west6/triggers/generatethumbnaileurope-491048","triggerRegion":"europe-west6","eventType":"google.cloud.storage.object.v1.finalized","eventFilters":[{"attribute":"bucket","value":"login-4a040.appspot.com"}],"serviceAccountEmail":"269412976790-compute@developer.gserviceaccount.com","retryPolicy":"RETRY_POLICY_DO_NOT_RETRY"},"labels":{"deployment-tool":"cli-firebase","firebase-functions-hash":"a7e788a782d0addc931823731bbf46f888308cc8"},"environment":"GEN_2"},"stages":[{"name":"BUILD","message":"Build in progress","state":"IN_PROGRESS","resource":"projects/269412976790/locations/europe-west6/builds/6d98aecf-4588-4658-9d25-967de1453747","resourceUri":"https://console.cloud.google.com/cloud-build/builds;region=europe-west6/6d98aecf-4588-4658-9d25-967de1453747?project=269412976790"},{"name":"SERVICE","state":"NOT_STARTED"},{"name":"TRIGGER","state":"NOT_STARTED"}],"operationType":"CREATE_FUNCTION"},"done":false}
[debug] [2024-01-08T18:49:11.842Z] [create-default-europe-west6-generateThumbnailEurope] Retrying task index 0
[debug] [2024-01-08T18:49:11.842Z] >>> [apiv2][query] GET https://cloudfunctions.googleapis.com/v2/projects/login-4a040/locations/europe-west6/operations/operation-1704739722951-60e73a59efc8e-c6d23cac-328d7294 [none]
[debug] [2024-01-08T18:49:12.007Z] <<< [apiv2][status] GET https://cloudfunctions.googleapis.com/v2/projects/login-4a040/locations/europe-west6/operations/operation-1704739722951-60e73a59efc8e-c6d23cac-328d7294 200
[debug] [2024-01-08T18:49:12.007Z] <<< [apiv2][body] GET https://cloudfunctions.googleapis.com/v2/projects/login-4a040/locations/europe-west6/operations/operation-1704739722951-60e73a59efc8e-c6d23cac-328d7294 {"name":"projects/login-4a040/locations/europe-west6/operations/operation-1704739722951-60e73a59efc8e-c6d23cac-328d7294","metadata":{"@type":"type.googleapis.com/google.cloud.functions.v2.OperationMetadata","createTime":"2024-01-08T18:48:44.327810617Z","target":"projects/login-4a040/locations/europe-west6/functions/generateThumbnailEurope","verb":"create","cancelRequested":false,"apiVersion":"v2","requestResource":{"@type":"type.googleapis.com/google.cloud.functions.v2.Function","name":"projects/login-4a040/locations/europe-west6/functions/generateThumbnailEurope","buildConfig":{"runtime":"nodejs18","entryPoint":"generateThumbnailEurope","source":{"storageSource":{"bucket":"gcf-v2-sources-269412976790-europe-west6","object":"generateThumbnailEurope/function-source.zip","generation":"1704739723116106"}},"environmentVariables":{"GOOGLE_NODE_RUN_SCRIPTS":""}},"serviceConfig":{"service":"projects/login-4a040/locations/europe-west6/services/generatethumbnaileurope","timeoutSeconds":60,"environmentVariables":{"FIREBASE_CONFIG":"{\"projectId\":\"login-4a040\",\"databaseURL\":\"https://login-4a040-default-rtdb.europe-west1.firebasedatabase.app\",\"storageBucket\":\"login-4a040.appspot.com\",\"locationId\":\"europe-west6\"}","GCLOUD_PROJECT":"login-4a040","EVENTARC_CLOUD_EVENT_SOURCE":"projects/login-4a040/locations/europe-west6/services/generateThumbnailEurope","FUNCTION_SIGNATURE_TYPE":"cloudevent","FUNCTION_TARGET":"generateThumbnailEurope"},"maxInstanceCount":100,"ingressSettings":"ALLOW_ALL","serviceAccountEmail":"269412976790-compute@developer.gserviceaccount.com","availableMemory":"256Mi","maxInstanceRequestConcurrency":80,"availableCpu":"2"},"eventTrigger":{"trigger":"projects/login-4a040/locations/europe-west6/triggers/generatethumbnaileurope-491048","triggerRegion":"europe-west6","eventType":"google.cloud.storage.object.v1.finalized","eventFilters":[{"attribute":"bucket","value":"login-4a040.appspot.com"}],"serviceAccountEmail":"269412976790-compute@developer.gserviceaccount.com","retryPolicy":"RETRY_POLICY_DO_NOT_RETRY"},"labels":{"deployment-tool":"cli-firebase","firebase-functions-hash":"a7e788a782d0addc931823731bbf46f888308cc8"},"environment":"GEN_2"},"stages":[{"name":"BUILD","message":"Build in progress","state":"IN_PROGRESS","resource":"projects/269412976790/locations/europe-west6/builds/6d98aecf-4588-4658-9d25-967de1453747","resourceUri":"https://console.cloud.google.com/cloud-build/builds;region=europe-west6/6d98aecf-4588-4658-9d25-967de1453747?project=269412976790"},{"name":"SERVICE","state":"NOT_STARTED"},{"name":"TRIGGER","state":"NOT_STARTED"}],"operationType":"CREATE_FUNCTION"},"done":false}
[debug] [2024-01-08T18:49:22.019Z] [create-default-europe-west6-generateThumbnailEurope] Retrying task index 0
[debug] [2024-01-08T18:49:22.019Z] >>> [apiv2][query] GET https://cloudfunctions.googleapis.com/v2/projects/login-4a040/locations/europe-west6/operations/operation-1704739722951-60e73a59efc8e-c6d23cac-328d7294 [none]
[debug] [2024-01-08T18:49:22.182Z] <<< [apiv2][status] GET https://cloudfunctions.googleapis.com/v2/projects/login-4a040/locations/europe-west6/operations/operation-1704739722951-60e73a59efc8e-c6d23cac-328d7294 200
[debug] [2024-01-08T18:49:22.182Z] <<< [apiv2][body] GET https://cloudfunctions.googleapis.com/v2/projects/login-4a040/locations/europe-west6/operations/operation-1704739722951-60e73a59efc8e-c6d23cac-328d7294 {"name":"projects/login-4a040/locations/europe-west6/operations/operation-1704739722951-60e73a59efc8e-c6d23cac-328d7294","metadata":{"@type":"type.googleapis.com/google.cloud.functions.v2.OperationMetadata","createTime":"2024-01-08T18:48:44.327810617Z","target":"projects/login-4a040/locations/europe-west6/functions/generateThumbnailEurope","verb":"create","cancelRequested":false,"apiVersion":"v2","requestResource":{"@type":"type.googleapis.com/google.cloud.functions.v2.Function","name":"projects/login-4a040/locations/europe-west6/functions/generateThumbnailEurope","buildConfig":{"runtime":"nodejs18","entryPoint":"generateThumbnailEurope","source":{"storageSource":{"bucket":"gcf-v2-sources-269412976790-europe-west6","object":"generateThumbnailEurope/function-source.zip","generation":"1704739723116106"}},"environmentVariables":{"GOOGLE_NODE_RUN_SCRIPTS":""}},"serviceConfig":{"service":"projects/login-4a040/locations/europe-west6/services/generatethumbnaileurope","timeoutSeconds":60,"environmentVariables":{"FIREBASE_CONFIG":"{\"projectId\":\"login-4a040\",\"databaseURL\":\"https://login-4a040-default-rtdb.europe-west1.firebasedatabase.app\",\"storageBucket\":\"login-4a040.appspot.com\",\"locationId\":\"europe-west6\"}","GCLOUD_PROJECT":"login-4a040","EVENTARC_CLOUD_EVENT_SOURCE":"projects/login-4a040/locations/europe-west6/services/generateThumbnailEurope","FUNCTION_SIGNATURE_TYPE":"cloudevent","FUNCTION_TARGET":"generateThumbnailEurope"},"maxInstanceCount":100,"ingressSettings":"ALLOW_ALL","serviceAccountEmail":"269412976790-compute@developer.gserviceaccount.com","availableMemory":"256Mi","maxInstanceRequestConcurrency":80,"availableCpu":"2"},"eventTrigger":{"trigger":"projects/login-4a040/locations/europe-west6/triggers/generatethumbnaileurope-491048","triggerRegion":"europe-west6","eventType":"google.cloud.storage.object.v1.finalized","eventFilters":[{"attribute":"bucket","value":"login-4a040.appspot.com"}],"serviceAccountEmail":"269412976790-compute@developer.gserviceaccount.com","retryPolicy":"RETRY_POLICY_DO_NOT_RETRY"},"labels":{"deployment-tool":"cli-firebase","firebase-functions-hash":"a7e788a782d0addc931823731bbf46f888308cc8"},"environment":"GEN_2"},"stages":[{"name":"BUILD","message":"Build in progress","state":"IN_PROGRESS","resource":"projects/269412976790/locations/europe-west6/builds/6d98aecf-4588-4658-9d25-967de1453747","resourceUri":"https://console.cloud.google.com/cloud-build/builds;region=europe-west6/6d98aecf-4588-4658-9d25-967de1453747?project=269412976790"},{"name":"SERVICE","state":"NOT_STARTED"},{"name":"TRIGGER","state":"NOT_STARTED"}],"operationType":"CREATE_FUNCTION"},"done":false}
[debug] [2024-01-08T18:49:32.192Z] [create-default-europe-west6-generateThumbnailEurope] Retrying task index 0
[debug] [2024-01-08T18:49:32.192Z] >>> [apiv2][query] GET https://cloudfunctions.googleapis.com/v2/projects/login-4a040/locations/europe-west6/operations/operation-1704739722951-60e73a59efc8e-c6d23cac-328d7294 [none]
[debug] [2024-01-08T18:49:32.418Z] <<< [apiv2][status] GET https://cloudfunctions.googleapis.com/v2/projects/login-4a040/locations/europe-west6/operations/operation-1704739722951-60e73a59efc8e-c6d23cac-328d7294 200
[debug] [2024-01-08T18:49:32.419Z] <<< [apiv2][body] GET https://cloudfunctions.googleapis.com/v2/projects/login-4a040/locations/europe-west6/operations/operation-1704739722951-60e73a59efc8e-c6d23cac-328d7294 {"name":"projects/login-4a040/locations/europe-west6/operations/operation-1704739722951-60e73a59efc8e-c6d23cac-328d7294","metadata":{"@type":"type.googleapis.com/google.cloud.functions.v2.OperationMetadata","createTime":"2024-01-08T18:48:44.327810617Z","target":"projects/login-4a040/locations/europe-west6/functions/generateThumbnailEurope","verb":"create","cancelRequested":false,"apiVersion":"v2","requestResource":{"@type":"type.googleapis.com/google.cloud.functions.v2.Function","name":"projects/login-4a040/locations/europe-west6/functions/generateThumbnailEurope","buildConfig":{"runtime":"nodejs18","entryPoint":"generateThumbnailEurope","source":{"storageSource":{"bucket":"gcf-v2-sources-269412976790-europe-west6","object":"generateThumbnailEurope/function-source.zip","generation":"1704739723116106"}},"environmentVariables":{"GOOGLE_NODE_RUN_SCRIPTS":""}},"serviceConfig":{"service":"projects/login-4a040/locations/europe-west6/services/generatethumbnaileurope","timeoutSeconds":60,"environmentVariables":{"FIREBASE_CONFIG":"{\"projectId\":\"login-4a040\",\"databaseURL\":\"https://login-4a040-default-rtdb.europe-west1.firebasedatabase.app\",\"storageBucket\":\"login-4a040.appspot.com\",\"locationId\":\"europe-west6\"}","GCLOUD_PROJECT":"login-4a040","EVENTARC_CLOUD_EVENT_SOURCE":"projects/login-4a040/locations/europe-west6/services/generateThumbnailEurope","FUNCTION_SIGNATURE_TYPE":"cloudevent","FUNCTION_TARGET":"generateThumbnailEurope"},"maxInstanceCount":100,"ingressSettings":"ALLOW_ALL","serviceAccountEmail":"269412976790-compute@developer.gserviceaccount.com","availableMemory":"256Mi","maxInstanceRequestConcurrency":80,"availableCpu":"2"},"eventTrigger":{"trigger":"projects/login-4a040/locations/europe-west6/triggers/generatethumbnaileurope-491048","triggerRegion":"europe-west6","eventType":"google.cloud.storage.object.v1.finalized","eventFilters":[{"attribute":"bucket","value":"login-4a040.appspot.com"}],"serviceAccountEmail":"269412976790-compute@developer.gserviceaccount.com","retryPolicy":"RETRY_POLICY_DO_NOT_RETRY"},"labels":{"deployment-tool":"cli-firebase","firebase-functions-hash":"a7e788a782d0addc931823731bbf46f888308cc8"},"environment":"GEN_2"},"stages":[{"name":"BUILD","message":"Build in progress","state":"IN_PROGRESS","resource":"projects/269412976790/locations/europe-west6/builds/6d98aecf-4588-4658-9d25-967de1453747","resourceUri":"https://console.cloud.google.com/cloud-build/builds;region=europe-west6/6d98aecf-4588-4658-9d25-967de1453747?project=269412976790"},{"name":"SERVICE","state":"NOT_STARTED"},{"name":"TRIGGER","state":"NOT_STARTED"}],"operationType":"CREATE_FUNCTION"},"done":false}
[debug] [2024-01-08T18:49:42.424Z] [create-default-europe-west6-generateThumbnailEurope] Retrying task index 0
[debug] [2024-01-08T18:49:42.424Z] >>> [apiv2][query] GET https://cloudfunctions.googleapis.com/v2/projects/login-4a040/locations/europe-west6/operations/operation-1704739722951-60e73a59efc8e-c6d23cac-328d7294 [none]
[debug] [2024-01-08T18:49:42.609Z] <<< [apiv2][status] GET https://cloudfunctions.googleapis.com/v2/projects/login-4a040/locations/europe-west6/operations/operation-1704739722951-60e73a59efc8e-c6d23cac-328d7294 200
[debug] [2024-01-08T18:49:42.609Z] <<< [apiv2][body] GET https://cloudfunctions.googleapis.com/v2/projects/login-4a040/locations/europe-west6/operations/operation-1704739722951-60e73a59efc8e-c6d23cac-328d7294 {"name":"projects/login-4a040/locations/europe-west6/operations/operation-1704739722951-60e73a59efc8e-c6d23cac-328d7294","metadata":{"@type":"type.googleapis.com/google.cloud.functions.v2.OperationMetadata","createTime":"2024-01-08T18:48:44.327810617Z","target":"projects/login-4a040/locations/europe-west6/functions/generateThumbnailEurope","verb":"create","cancelRequested":false,"apiVersion":"v2","requestResource":{"@type":"type.googleapis.com/google.cloud.functions.v2.Function","name":"projects/login-4a040/locations/europe-west6/functions/generateThumbnailEurope","buildConfig":{"runtime":"nodejs18","entryPoint":"generateThumbnailEurope","source":{"storageSource":{"bucket":"gcf-v2-sources-269412976790-europe-west6","object":"generateThumbnailEurope/function-source.zip","generation":"1704739723116106"}},"environmentVariables":{"GOOGLE_NODE_RUN_SCRIPTS":""}},"serviceConfig":{"service":"projects/login-4a040/locations/europe-west6/services/generatethumbnaileurope","timeoutSeconds":60,"environmentVariables":{"FIREBASE_CONFIG":"{\"projectId\":\"login-4a040\",\"databaseURL\":\"https://login-4a040-default-rtdb.europe-west1.firebasedatabase.app\",\"storageBucket\":\"login-4a040.appspot.com\",\"locationId\":\"europe-west6\"}","GCLOUD_PROJECT":"login-4a040","EVENTARC_CLOUD_EVENT_SOURCE":"projects/login-4a040/locations/europe-west6/services/generateThumbnailEurope","FUNCTION_SIGNATURE_TYPE":"cloudevent","FUNCTION_TARGET":"generateThumbnailEurope"},"maxInstanceCount":100,"ingressSettings":"ALLOW_ALL","serviceAccountEmail":"269412976790-compute@developer.gserviceaccount.com","availableMemory":"256Mi","maxInstanceRequestConcurrency":80,"availableCpu":"2"},"eventTrigger":{"trigger":"projects/login-4a040/locations/europe-west6/triggers/generatethumbnaileurope-491048","triggerRegion":"europe-west6","eventType":"google.cloud.storage.object.v1.finalized","eventFilters":[{"attribute":"bucket","value":"login-4a040.appspot.com"}],"serviceAccountEmail":"269412976790-compute@developer.gserviceaccount.com","retryPolicy":"RETRY_POLICY_DO_NOT_RETRY"},"labels":{"deployment-tool":"cli-firebase","firebase-functions-hash":"a7e788a782d0addc931823731bbf46f888308cc8"},"environment":"GEN_2"},"stages":[{"name":"BUILD","message":"Build in progress","state":"IN_PROGRESS","resource":"projects/269412976790/locations/europe-west6/builds/6d98aecf-4588-4658-9d25-967de1453747","resourceUri":"https://console.cloud.google.com/cloud-build/builds;region=europe-west6/6d98aecf-4588-4658-9d25-967de1453747?project=269412976790"},{"name":"SERVICE","state":"NOT_STARTED"},{"name":"TRIGGER","state":"NOT_STARTED"}],"operationType":"CREATE_FUNCTION"},"done":false}
[debug] [2024-01-08T18:49:52.620Z] [create-default-europe-west6-generateThumbnailEurope] Retrying task index 0
[debug] [2024-01-08T18:49:52.621Z] >>> [apiv2][query] GET https://cloudfunctions.googleapis.com/v2/projects/login-4a040/locations/europe-west6/operations/operation-1704739722951-60e73a59efc8e-c6d23cac-328d7294 [none]
[debug] [2024-01-08T18:49:52.849Z] <<< [apiv2][status] GET https://cloudfunctions.googleapis.com/v2/projects/login-4a040/locations/europe-west6/operations/operation-1704739722951-60e73a59efc8e-c6d23cac-328d7294 200
[debug] [2024-01-08T18:49:52.849Z] <<< [apiv2][body] GET https://cloudfunctions.googleapis.com/v2/projects/login-4a040/locations/europe-west6/operations/operation-1704739722951-60e73a59efc8e-c6d23cac-328d7294 {"name":"projects/login-4a040/locations/europe-west6/operations/operation-1704739722951-60e73a59efc8e-c6d23cac-328d7294","metadata":{"@type":"type.googleapis.com/google.cloud.functions.v2.OperationMetadata","createTime":"2024-01-08T18:48:44.327810617Z","target":"projects/login-4a040/locations/europe-west6/functions/generateThumbnailEurope","verb":"create","cancelRequested":false,"apiVersion":"v2","requestResource":{"@type":"type.googleapis.com/google.cloud.functions.v2.Function","name":"projects/login-4a040/locations/europe-west6/functions/generateThumbnailEurope","buildConfig":{"runtime":"nodejs18","entryPoint":"generateThumbnailEurope","source":{"storageSource":{"bucket":"gcf-v2-sources-269412976790-europe-west6","object":"generateThumbnailEurope/function-source.zip","generation":"1704739723116106"}},"environmentVariables":{"GOOGLE_NODE_RUN_SCRIPTS":""}},"serviceConfig":{"service":"projects/login-4a040/locations/europe-west6/services/generatethumbnaileurope","timeoutSeconds":60,"environmentVariables":{"FIREBASE_CONFIG":"{\"projectId\":\"login-4a040\",\"databaseURL\":\"https://login-4a040-default-rtdb.europe-west1.firebasedatabase.app\",\"storageBucket\":\"login-4a040.appspot.com\",\"locationId\":\"europe-west6\"}","GCLOUD_PROJECT":"login-4a040","EVENTARC_CLOUD_EVENT_SOURCE":"projects/login-4a040/locations/europe-west6/services/generateThumbnailEurope","FUNCTION_SIGNATURE_TYPE":"cloudevent","FUNCTION_TARGET":"generateThumbnailEurope"},"maxInstanceCount":100,"ingressSettings":"ALLOW_ALL","serviceAccountEmail":"269412976790-compute@developer.gserviceaccount.com","availableMemory":"256Mi","maxInstanceRequestConcurrency":80,"availableCpu":"2"},"eventTrigger":{"trigger":"projects/login-4a040/locations/europe-west6/triggers/generatethumbnaileurope-491048","triggerRegion":"europe-west6","eventType":"google.cloud.storage.object.v1.finalized","eventFilters":[{"attribute":"bucket","value":"login-4a040.appspot.com"}],"serviceAccountEmail":"269412976790-compute@developer.gserviceaccount.com","retryPolicy":"RETRY_POLICY_DO_NOT_RETRY"},"labels":{"deployment-tool":"cli-firebase","firebase-functions-hash":"a7e788a782d0addc931823731bbf46f888308cc8"},"environment":"GEN_2"},"stages":[{"name":"BUILD","message":"Build finished","state":"COMPLETE","resource":"projects/269412976790/locations/europe-west6/builds/6d98aecf-4588-4658-9d25-967de1453747","resourceUri":"https://console.cloud.google.com/cloud-build/builds;region=europe-west6/6d98aecf-4588-4658-9d25-967de1453747?project=269412976790"},{"name":"SERVICE","message":"Creating Cloud Run service","state":"IN_PROGRESS","resource":"projects/login-4a040/locations/europe-west6/services/generatethumbnaileurope","resourceUri":"https://console.cloud.google.com/run/detail/europe-west6/generatethumbnaileurope?project=login-4a040"},{"name":"TRIGGER","state":"NOT_STARTED"}],"sourceToken":"Clhwcm9qZWN0cy8yNjk0MTI5NzY3OTAvbG9jYXRpb25zL2V1cm9wZS13ZXN0Ni9idWlsZHMvNmQ5OGFlY2YtNDU4OC00NjU4LTlkMjUtOTY3ZGUxNDUzNzQ3EllldXJvcGUtd2VzdDYtZG9ja2VyLnBrZy5kZXYvbG9naW4tNGEwNDAvZ2NmLWFydGlmYWN0cy9nZW5lcmF0ZV90aHVtYm5haWxfZXVyb3BlOnZlcnNpb25fMRiWkY/S6wciTXByb2plY3RzL2xvZ2luLTRhMDQwL2xvY2F0aW9ucy9ldXJvcGUtd2VzdDYvZnVuY3Rpb25zL2dlbmVyYXRlVGh1bWJuYWlsRXVyb3BlKgsIzIfxrAYQ+J+ILTIIbm9kZWpzMTg=","operationType":"CREATE_FUNCTION"},"done":false}
[debug] [2024-01-08T18:49:52.850Z] Got source token Clhwcm9qZWN0cy8yNjk0MTI5NzY3OTAvbG9jYXRpb25zL2V1cm9wZS13ZXN0Ni9idWlsZHMvNmQ5OGFlY2YtNDU4OC00NjU4LTlkMjUtOTY3ZGUxNDUzNzQ3EllldXJvcGUtd2VzdDYtZG9ja2VyLnBrZy5kZXYvbG9naW4tNGEwNDAvZ2NmLWFydGlmYWN0cy9nZW5lcmF0ZV90aHVtYm5haWxfZXVyb3BlOnZlcnNpb25fMRiWkY/S6wciTXByb2plY3RzL2xvZ2luLTRhMDQwL2xvY2F0aW9ucy9ldXJvcGUtd2VzdDYvZnVuY3Rpb25zL2dlbmVyYXRlVGh1bWJuYWlsRXVyb3BlKgsIzIfxrAYQ+J+ILTIIbm9kZWpzMTg= for region europe-west6
[debug] [2024-01-08T18:50:02.853Z] [create-default-europe-west6-generateThumbnailEurope] Retrying task index 0
[debug] [2024-01-08T18:50:02.854Z] >>> [apiv2][query] GET https://cloudfunctions.googleapis.com/v2/projects/login-4a040/locations/europe-west6/operations/operation-1704739722951-60e73a59efc8e-c6d23cac-328d7294 [none]
[debug] [2024-01-08T18:50:03.029Z] <<< [apiv2][status] GET https://cloudfunctions.googleapis.com/v2/projects/login-4a040/locations/europe-west6/operations/operation-1704739722951-60e73a59efc8e-c6d23cac-328d7294 200
[debug] [2024-01-08T18:50:03.029Z] <<< [apiv2][body] GET https://cloudfunctions.googleapis.com/v2/projects/login-4a040/locations/europe-west6/operations/operation-1704739722951-60e73a59efc8e-c6d23cac-328d7294 {"name":"projects/login-4a040/locations/europe-west6/operations/operation-1704739722951-60e73a59efc8e-c6d23cac-328d7294","metadata":{"@type":"type.googleapis.com/google.cloud.functions.v2.OperationMetadata","createTime":"2024-01-08T18:48:44.327810617Z","endTime":"2024-01-08T18:50:00.051500647Z","target":"projects/login-4a040/locations/europe-west6/functions/generateThumbnailEurope","verb":"create","cancelRequested":false,"apiVersion":"v2","requestResource":{"@type":"type.googleapis.com/google.cloud.functions.v2.Function","name":"projects/login-4a040/locations/europe-west6/functions/generateThumbnailEurope","buildConfig":{"runtime":"nodejs18","entryPoint":"generateThumbnailEurope","source":{"storageSource":{"bucket":"gcf-v2-sources-269412976790-europe-west6","object":"generateThumbnailEurope/function-source.zip","generation":"1704739723116106"}},"environmentVariables":{"GOOGLE_NODE_RUN_SCRIPTS":""}},"serviceConfig":{"service":"projects/login-4a040/locations/europe-west6/services/generatethumbnaileurope","timeoutSeconds":60,"environmentVariables":{"FIREBASE_CONFIG":"{\"projectId\":\"login-4a040\",\"databaseURL\":\"https://login-4a040-default-rtdb.europe-west1.firebasedatabase.app\",\"storageBucket\":\"login-4a040.appspot.com\",\"locationId\":\"europe-west6\"}","GCLOUD_PROJECT":"login-4a040","EVENTARC_CLOUD_EVENT_SOURCE":"projects/login-4a040/locations/europe-west6/services/generateThumbnailEurope","FUNCTION_SIGNATURE_TYPE":"cloudevent","FUNCTION_TARGET":"generateThumbnailEurope"},"maxInstanceCount":100,"ingressSettings":"ALLOW_ALL","serviceAccountEmail":"269412976790-compute@developer.gserviceaccount.com","availableMemory":"256Mi","maxInstanceRequestConcurrency":80,"availableCpu":"2"},"eventTrigger":{"trigger":"projects/login-4a040/locations/europe-west6/triggers/generatethumbnaileurope-491048","triggerRegion":"europe-west6","eventType":"google.cloud.storage.object.v1.finalized","eventFilters":[{"attribute":"bucket","value":"login-4a040.appspot.com"}],"serviceAccountEmail":"269412976790-compute@developer.gserviceaccount.com","retryPolicy":"RETRY_POLICY_DO_NOT_RETRY"},"labels":{"deployment-tool":"cli-firebase","firebase-functions-hash":"a7e788a782d0addc931823731bbf46f888308cc8"},"environment":"GEN_2"},"stages":[{"name":"ARTIFACT_REGISTRY","message":"Deleting function artifacts in Artifact Registry","state":"COMPLETE"},{"name":"SERVICE","message":"Deleting Cloud Run service","state":"COMPLETE","resource":"projects/login-4a040/locations/europe-west6/services/generatethumbnaileurope"},{"name":"TRIGGER","message":"Deleting Eventarc trigger","state":"COMPLETE","resource":"projects/login-4a040/locations/europe-west6/triggers/generatethumbnaileurope-491048"}],"operationType":"CREATE_FUNCTION"},"done":true,"error":{"code":3,"message":"Could not create or update Cloud Run service generatethumbnaileurope, Container Healthcheck failed. Revision 'generatethumbnaileurope-00001-qiw' is not ready and cannot serve traffic. The user-provided container failed to start and listen on the port defined provided by the PORT=8080 environment variable. Logs for this revision might contain more information.\n\nLogs URL: https://console.cloud.google.com/logs/viewer?project=login-4a040&resource=cloud_run_revision/service_name/generatethumbnaileurope/revision_name/generatethumbnaileurope-00001-qiw&advancedFilter=resource.type%3D%22cloud_run_revision%22%0Aresource.labels.service_name%3D%22generatethumbnaileurope%22%0Aresource.labels.revision_name%3D%22generatethumbnaileurope-00001-qiw%22 \nFor more troubleshooting guidance, see https://cloud.google.com/run/docs/troubleshooting#container-failed-to-start"}}
[debug] [2024-01-08T18:50:03.029Z] Got source token undefined for region europe-west6
[error] Could not create or update Cloud Run service generatethumbnaileurope, Container Healthcheck failed. Revision 'generatethumbnaileurope-00001-qiw' is not ready and cannot serve traffic. The user-provided container failed to start and listen on the port defined provided by the PORT=8080 environment variable. Logs for this revision might contain more information.

Logs URL: https://console.cloud.google.com/logs/viewer?project=login-4a040&resource=cloud_run_revision/service_name/generatethumbnaileurope/revision_name/generatethumbnaileurope-00001-qiw&advancedFilter=resource.type%3D%22cloud_run_revision%22%0Aresource.labels.service_name%3D%22generatethumbnaileurope%22%0Aresource.labels.revision_name%3D%22generatethumbnaileurope-00001-qiw%22 
For more troubleshooting guidance, see https://cloud.google.com/run/docs/troubleshooting#container-failed-to-start
[debug] [2024-01-08T18:50:03.034Z] Total Function Deployment time: 79135
[debug] [2024-01-08T18:50:03.034Z] 1 Functions Deployed
[debug] [2024-01-08T18:50:03.034Z] 1 Functions Errored
[debug] [2024-01-08T18:50:03.034Z] 0 Function Deployments Aborted
[debug] [2024-01-08T18:50:03.034Z] Average Function Deployment time: 79134
[info] 
[info] Functions deploy had errors with the following functions:
	generateThumbnailEurope(europe-west6)
[info] i  functions: cleaning up build files... 
[debug] [2024-01-08T18:50:03.039Z] >>> [apiv2][query] DELETE https://artifactregistry.googleapis.com/v1beta2/projects/login-4a040/locations/europe-west6/repositories/gcf-artifacts/packages/generate_thumbnail_europe [none]
[debug] [2024-01-08T18:50:03.041Z] >>> [apiv2][query] GET https://eu.gcr.io/v2/login-4a040/gcf/europe-west6/tags/list [none]
[debug] [2024-01-08T18:50:03.259Z] <<< [apiv2][status] GET https://eu.gcr.io/v2/login-4a040/gcf/europe-west6/tags/list 200
[debug] [2024-01-08T18:50:03.259Z] <<< [apiv2][body] GET https://eu.gcr.io/v2/login-4a040/gcf/europe-west6/tags/list {"child":[],"manifest":{},"name":"login-4a040/gcf/europe-west6","tags":[]}
[debug] [2024-01-08T18:50:03.259Z] Could not find image for function projects/login-4a040/locations/europe-west6/functions/generateThumbnailEurope
[debug] [2024-01-08T18:50:03.267Z] <<< [apiv2][status] DELETE https://artifactregistry.googleapis.com/v1beta2/projects/login-4a040/locations/europe-west6/repositories/gcf-artifacts/packages/generate_thumbnail_europe 404
[debug] [2024-01-08T18:50:03.267Z] <<< [apiv2][body] DELETE https://artifactregistry.googleapis.com/v1beta2/projects/login-4a040/locations/europe-west6/repositories/gcf-artifacts/packages/generate_thumbnail_europe {"error":{"code":404,"message":"Package \"projects/login-4a040/locations/europe-west6/repositories/gcf-artifacts/packages/generate_thumbnail_europe\" was not found.","status":"NOT_FOUND"}}
[debug] [2024-01-08T18:50:03.267Z] Functions deploy failed.
[debug] [2024-01-08T18:50:03.268Z] {
  "endpoint": {
    "id": "generateThumbnailEurope",
    "project": "login-4a040",
    "region": "europe-west6",
    "entryPoint": "generateThumbnailEurope",
    "platform": "gcfv2",
    "runtime": "nodejs18",
    "eventTrigger": {
      "eventType": "google.cloud.storage.object.v1.finalized",
      "retry": false,
      "eventFilters": {
        "bucket": "login-4a040.appspot.com"
      },
      "region": "europe-west6"
    },
    "labels": {
      "deployment-tool": "cli-firebase"
    },
    "ingressSettings": null,
    "availableMemoryMb": null,
    "serviceAccount": null,
    "timeoutSeconds": null,
    "maxInstances": null,
    "minInstances": null,
    "concurrency": 80,
    "cpu": 2,
    "vpc": null,
    "environmentVariables": {
      "FIREBASE_CONFIG": "{\"projectId\":\"login-4a040\",\"databaseURL\":\"https://login-4a040-default-rtdb.europe-west1.firebasedatabase.app\",\"storageBucket\":\"login-4a040.appspot.com\",\"locationId\":\"europe-west6\"}",
      "GCLOUD_PROJECT": "login-4a040",
      "EVENTARC_CLOUD_EVENT_SOURCE": "projects/login-4a040/locations/europe-west6/services/generateThumbnailEurope"
    },
    "codebase": "default",
    "targetedByOnly": false,
    "hash": "a7e788a782d0addc931823731bbf46f888308cc8"
  },
  "op": "create",
  "original": {
    "name": "FirebaseError",
    "children": [],
    "exit": 1,
    "message": "Could not create or update Cloud Run service generatethumbnaileurope, Container Healthcheck failed. Revision 'generatethumbnaileurope-00001-qiw' is not ready and cannot serve traffic. The user-provided container failed to start and listen on the port defined provided by the PORT=8080 environment variable. Logs for this revision might contain more information.\n\nLogs URL: https://console.cloud.google.com/logs/viewer?project=login-4a040&resource=cloud_run_revision/service_name/generatethumbnaileurope/revision_name/generatethumbnaileurope-00001-qiw&advancedFilter=resource.type%3D%22cloud_run_revision%22%0Aresource.labels.service_name%3D%22generatethumbnaileurope%22%0Aresource.labels.revision_name%3D%22generatethumbnaileurope-00001-qiw%22 \nFor more troubleshooting guidance, see https://cloud.google.com/run/docs/troubleshooting#container-failed-to-start",
    "status": 3,
    "code": 3
  }
}
[debug] [2024-01-08T18:50:03.269Z] Error: Failed to create function generateThumbnailEurope in region europe-west6
    at C:\Users\atreb\AppData\Roaming\npm\node_modules\firebase-tools\lib\deploy\functions\release\fabricator.js:291:27
    at process.processTicksAndRejections (node:internal/process/task_queues:95:5)
    at async Fabricator.createV2Function (C:\Users\atreb\AppData\Roaming\npm\node_modules\firebase-tools\lib\deploy\functions\release\fabricator.js:277:30)
    at async Fabricator.createEndpoint (C:\Users\atreb\AppData\Roaming\npm\node_modules\firebase-tools\lib\deploy\functions\release\fabricator.js:136:13)
    at async handle (C:\Users\atreb\AppData\Roaming\npm\node_modules\firebase-tools\lib\deploy\functions\release\fabricator.js:88:17)
[error] 
[error] Error: There was an error deploying functions
